# JRE version: OpenJDK Runtime Environment (11.0.10) (build 11.0.10+0-b96-7249189)
# Java VM: OpenJDK 64-Bit Server VM (11.0.10+0-b96-7249189, mixed mode, tiered, compressed oops, g1 gc, windows-amd64)
Heap:
 garbage-first heap   total 157696K, used 95232K [0x0000000081a00000, 0x0000000100000000)
  region size 1024K, 41 young (41984K), 5 survivors (5120K)
 Metaspace       used 72276K, capacity 73110K, committed 73216K, reserved 1114112K
  class space    used 8094K, capacity 8394K, committed 8448K, reserved 1048576K
GC Heap History (18 events):
Event: 3.791 GC heap before
{Heap before GC invocations=0 (full 0):
 garbage-first heap   total 131072K, used 17408K [0x0000000081a00000, 0x0000000100000000)
  region size 1024K, 14 young (14336K), 0 survivors (0K)
 Metaspace       used 9804K, capacity 9935K, committed 10112K, reserved 1058816K
  class space    used 834K, capacity 884K, committed 896K, reserved 1048576K
}
Event: 3.802 GC heap after
{Heap after GC invocations=1 (full 0):
 garbage-first heap   total 131072K, used 5195K [0x0000000081a00000, 0x0000000100000000)
  region size 1024K, 2 young (2048K), 2 survivors (2048K)
 Metaspace       used 9804K, capacity 9935K, committed 10112K, reserved 1058816K
  class space    used 834K, capacity 884K, committed 896K, reserved 1048576K
}
Event: 6.252 GC heap before
{Heap before GC invocations=1 (full 0):
 garbage-first heap   total 131072K, used 51275K [0x0000000081a00000, 0x0000000100000000)
  region size 1024K, 48 young (49152K), 2 survivors (2048K)
 Metaspace       used 20971K, capacity 21184K, committed 21248K, reserved 1069056K
  class space    used 2185K, capacity 2291K, committed 2304K, reserved 1048576K
}
Event: 6.269 GC heap after
{Heap after GC invocations=2 (full 0):
 garbage-first heap   total 131072K, used 9524K [0x0000000081a00000, 0x0000000100000000)
  region size 1024K, 7 young (7168K), 7 survivors (7168K)
 Metaspace       used 20971K, capacity 21184K, committed 21248K, reserved 1069056K
  class space    used 2185K, capacity 2291K, committed 2304K, reserved 1048576K
}
Event: 7.511 GC heap before
{Heap before GC invocations=3 (full 0):
 garbage-first heap   total 131072K, used 66868K [0x0000000081a00000, 0x0000000100000000)
  region size 1024K, 55 young (56320K), 7 survivors (7168K)
 Metaspace       used 31154K, capacity 31574K, committed 31744K, reserved 1077248K
  class space    used 3653K, capacity 3809K, committed 3840K, reserved 1048576K
}
Event: 7.537 GC heap after
{Heap after GC invocations=4 (full 0):
 garbage-first heap   total 131072K, used 22303K [0x0000000081a00000, 0x0000000100000000)
  region size 1024K, 7 young (7168K), 7 survivors (7168K)
 Metaspace       used 31154K, capacity 31574K, committed 31744K, reserved 1077248K
  class space    used 3653K, capacity 3809K, committed 3840K, reserved 1048576K
}
Event: 7.994 GC heap before
{Heap before GC invocations=4 (full 0):
 garbage-first heap   total 131072K, used 43807K [0x0000000081a00000, 0x0000000100000000)
  region size 1024K, 25 young (25600K), 7 survivors (7168K)
 Metaspace       used 35312K, capacity 35713K, committed 35840K, reserved 1081344K
  class space    used 4324K, capacity 4484K, committed 4608K, reserved 1048576K
}
Event: 8.008 GC heap after
{Heap after GC invocations=5 (full 0):
 garbage-first heap   total 131072K, used 25858K [0x0000000081a00000, 0x0000000100000000)
  region size 1024K, 2 young (2048K), 2 survivors (2048K)
 Metaspace       used 35312K, capacity 35713K, committed 35840K, reserved 1081344K
  class space    used 4324K, capacity 4484K, committed 4608K, reserved 1048576K
}
Event: 9.574 GC heap before
{Heap before GC invocations=6 (full 0):
 garbage-first heap   total 131072K, used 88322K [0x0000000081a00000, 0x0000000100000000)
  region size 1024K, 61 young (62464K), 2 survivors (2048K)
 Metaspace       used 47502K, capacity 48032K, committed 48384K, reserved 1091584K
  class space    used 5575K, capacity 5786K, committed 5888K, reserved 1048576K
}
Event: 9.595 GC heap after
{Heap after GC invocations=7 (full 0):
 garbage-first heap   total 131072K, used 30655K [0x0000000081a00000, 0x0000000100000000)
  region size 1024K, 7 young (7168K), 7 survivors (7168K)
 Metaspace       used 47502K, capacity 48032K, committed 48384K, reserved 1091584K
  class space    used 5575K, capacity 5786K, committed 5888K, reserved 1048576K
}
Event: 10.343 GC heap before
{Heap before GC invocations=8 (full 0):
 garbage-first heap   total 131072K, used 92095K [0x0000000081a00000, 0x0000000100000000)
  region size 1024K, 66 young (67584K), 7 survivors (7168K)
 Metaspace       used 51316K, capacity 51851K, committed 52096K, reserved 1095680K
  class space    used 5949K, capacity 6159K, committed 6272K, reserved 1048576K
}
Event: 10.369 GC heap after
{Heap after GC invocations=9 (full 0):
 garbage-first heap   total 131072K, used 37323K [0x0000000081a00000, 0x0000000100000000)
  region size 1024K, 7 young (7168K), 7 survivors (7168K)
 Metaspace       used 51316K, capacity 51851K, committed 52096K, reserved 1095680K
  class space    used 5949K, capacity 6159K, committed 6272K, reserved 1048576K
}
Event: 11.876 GC heap before
{Heap before GC invocations=9 (full 0):
 garbage-first heap   total 131072K, used 94667K [0x0000000081a00000, 0x0000000100000000)
  region size 1024K, 63 young (64512K), 7 survivors (7168K)
 Metaspace       used 56547K, capacity 57180K, committed 57472K, reserved 1099776K
  class space    used 6419K, capacity 6673K, committed 6784K, reserved 1048576K
}
Event: 11.907 GC heap after
{Heap after GC invocations=10 (full 0):
 garbage-first heap   total 131072K, used 46789K [0x0000000081a00000, 0x0000000100000000)
  region size 1024K, 8 young (8192K), 8 survivors (8192K)
 Metaspace       used 56547K, capacity 57180K, committed 57472K, reserved 1099776K
  class space    used 6419K, capacity 6673K, committed 6784K, reserved 1048576K
}
Event: 13.347 GC heap before
{Heap before GC invocations=10 (full 0):
 garbage-first heap   total 131072K, used 97989K [0x0000000081a00000, 0x0000000100000000)
  region size 1024K, 58 young (59392K), 8 survivors (8192K)
 Metaspace       used 62522K, capacity 63268K, committed 63360K, reserved 1105920K
  class space    used 7226K, capacity 7549K, committed 7552K, reserved 1048576K
}
Event: 13.379 GC heap after
{Heap after GC invocations=11 (full 0):
 garbage-first heap   total 157696K, used 54149K [0x0000000081a00000, 0x0000000100000000)
  region size 1024K, 7 young (7168K), 7 survivors (7168K)
 Metaspace       used 62522K, capacity 63268K, committed 63360K, reserved 1105920K
  class space    used 7226K, capacity 7549K, committed 7552K, reserved 1048576K
}
Event: 15.573 GC heap before
{Heap before GC invocations=11 (full 0):
 garbage-first heap   total 157696K, used 112517K [0x0000000081a00000, 0x0000000100000000)
  region size 1024K, 64 young (65536K), 7 survivors (7168K)
 Metaspace       used 70581K, capacity 71478K, committed 71808K, reserved 1112064K
  class space    used 7916K, capacity 8234K, committed 8320K, reserved 1048576K
}
Event: 15.596 GC heap after
{Heap after GC invocations=12 (full 0):
 garbage-first heap   total 157696K, used 59392K [0x0000000081a00000, 0x0000000100000000)
  region size 1024K, 5 young (5120K), 5 survivors (5120K)
 Metaspace       used 70581K, capacity 71478K, committed 71808K, reserved 1112064K
  class space    used 7916K, capacity 8234K, committed 8320K, reserved 1048576K
}

